2023-01-07 23:04:26.231  INFO 14584 --- [main] c.s.ApplicationRunner                    : Starting ApplicationRunner using Java 19.0.1 on Loncelot with PID 14584 (I:\Desktop\Programming\spring-up\spring-up\target\classes started by igors in I:\Desktop\Programming\spring-up\spring-up)
2023-01-07 23:04:26.236  INFO 14584 --- [main] c.s.ApplicationRunner                    : The following 1 profile is active: "dev"
2023-01-07 23:04:26.734  INFO 14584 --- [main] .s.d.r.c.RepositoryConfigurationDelegate : Bootstrapping Spring Data JPA repositories in DEFAULT mode.
2023-01-07 23:04:26.849  INFO 14584 --- [main] .s.d.r.c.RepositoryConfigurationDelegate : Finished Spring Data repository scanning in 110 ms. Found 2 JPA repository interfaces.
2023-01-07 23:04:27.568  INFO 14584 --- [main] o.s.b.w.e.t.TomcatWebServer              : Tomcat initialized with port(s): 8080 (http)
2023-01-07 23:04:27.574  INFO 14584 --- [main] o.a.c.c.StandardService                  : Starting service [Tomcat]
2023-01-07 23:04:27.574  INFO 14584 --- [main] o.a.c.c.StandardEngine                   : Starting Servlet engine: [Apache Tomcat/9.0.68]
2023-01-07 23:04:27.748  INFO 14584 --- [main] o.a.j.s.TldScanner                       : At least one JAR was scanned for TLDs yet contained no TLDs. Enable debug logging for this logger for a complete list of JARs that were scanned but no TLDs were found in them. Skipping unneeded JARs during scanning can improve startup time and JSP compilation time.
2023-01-07 23:04:27.751  INFO 14584 --- [main] o.a.c.c.C.[.[.[/]                        : Initializing Spring embedded WebApplicationContext
2023-01-07 23:04:27.751  INFO 14584 --- [main] w.s.c.ServletWebServerApplicationContext : Root WebApplicationContext: initialization completed in 1488 ms
2023-01-07 23:04:28.015  INFO 14584 --- [main] c.z.h.HikariDataSource                   : HikariPool-1 - Starting...
2023-01-07 23:04:28.136  INFO 14584 --- [main] c.z.h.HikariDataSource                   : HikariPool-1 - Start completed.
2023-01-07 23:04:28.168  INFO 14584 --- [main] p6spy                                    : 2023-01-07 23:04:28|4|statement|connection 1|url jdbc:p6spy:postgresql://localhost:5433/postgres|select version()|select version()
2023-01-07 23:04:28.170  INFO 14584 --- [main] p6spy                                    : 2023-01-07 23:04:28|6|statement|connection 0|url jdbc:postgresql://localhost:5433/postgres|select version()|select version()
2023-01-07 23:04:28.172  INFO 14584 --- [main] p6spy                                    : 2023-01-07 23:04:28|1|statement|connection 1|url jdbc:p6spy:postgresql://localhost:5433/postgres|select version()|select version()
2023-01-07 23:04:28.173  INFO 14584 --- [main] p6spy                                    : 2023-01-07 23:04:28|1|statement|connection 0|url jdbc:postgresql://localhost:5433/postgres|select version()|select version()
2023-01-07 23:04:28.183  INFO 14584 --- [main] p6spy                                    : 2023-01-07 23:04:28|3|statement|connection 1|url jdbc:p6spy:postgresql://localhost:5433/postgres|select setting from pg_settings where name = 'edb_redwood_date'|select setting from pg_settings where name = 'edb_redwood_date'
2023-01-07 23:04:28.183  INFO 14584 --- [main] p6spy                                    : 2023-01-07 23:04:28|3|statement|connection 0|url jdbc:postgresql://localhost:5433/postgres|select setting from pg_settings where name = 'edb_redwood_date'|select setting from pg_settings where name = 'edb_redwood_date'
2023-01-07 23:04:28.240  INFO 14584 --- [main] p6spy                                    : 2023-01-07 23:04:28|2|statement|connection 1|url jdbc:p6spy:postgresql://localhost:5433/postgres|select current_schema()|select current_schema()
2023-01-07 23:04:28.240  INFO 14584 --- [main] p6spy                                    : 2023-01-07 23:04:28|2|statement|connection 0|url jdbc:postgresql://localhost:5433/postgres|select current_schema()|select current_schema()
2023-01-07 23:04:28.243  INFO 14584 --- [main] l.database                               : Set default schema name to public
2023-01-07 23:04:28.254  INFO 14584 --- [main] p6spy                                    : 2023-01-07 23:04:28|1|rollback|connection 1|url jdbc:p6spy:postgresql://localhost:5433/postgres||
2023-01-07 23:04:28.255  INFO 14584 --- [main] p6spy                                    : 2023-01-07 23:04:28|2|rollback|connection 0|url jdbc:postgresql://localhost:5433/postgres||
2023-01-07 23:04:28.284  INFO 14584 --- [main] p6spy                                    : 2023-01-07 23:04:28|7|statement|connection 1|url jdbc:p6spy:postgresql://localhost:5433/postgres|SELECT COUNT(*) FROM public.databasechangeloglock|SELECT COUNT(*) FROM public.databasechangeloglock
2023-01-07 23:04:28.284  INFO 14584 --- [main] p6spy                                    : 2023-01-07 23:04:28|8|statement|connection 0|url jdbc:postgresql://localhost:5433/postgres|SELECT COUNT(*) FROM public.databasechangeloglock|SELECT COUNT(*) FROM public.databasechangeloglock
2023-01-07 23:04:28.287  INFO 14584 --- [main] p6spy                                    : 2023-01-07 23:04:28|1|statement|connection 1|url jdbc:p6spy:postgresql://localhost:5433/postgres|SELECT COUNT(*) FROM public.databasechangeloglock|SELECT COUNT(*) FROM public.databasechangeloglock
2023-01-07 23:04:28.287  INFO 14584 --- [main] p6spy                                    : 2023-01-07 23:04:28|1|statement|connection 0|url jdbc:postgresql://localhost:5433/postgres|SELECT COUNT(*) FROM public.databasechangeloglock|SELECT COUNT(*) FROM public.databasechangeloglock
2023-01-07 23:04:28.291  INFO 14584 --- [main] p6spy                                    : 2023-01-07 23:04:28|3|statement|connection 1|url jdbc:p6spy:postgresql://localhost:5433/postgres|SELECT COUNT(*) FROM public.databasechangeloglock|SELECT COUNT(*) FROM public.databasechangeloglock
2023-01-07 23:04:28.291  INFO 14584 --- [main] p6spy                                    : 2023-01-07 23:04:28|3|statement|connection 0|url jdbc:postgresql://localhost:5433/postgres|SELECT COUNT(*) FROM public.databasechangeloglock|SELECT COUNT(*) FROM public.databasechangeloglock
2023-01-07 23:04:28.296  INFO 14584 --- [main] p6spy                                    : 2023-01-07 23:04:28|3|statement|connection 1|url jdbc:p6spy:postgresql://localhost:5433/postgres|SELECT COUNT(*) FROM public.databasechangeloglock|SELECT COUNT(*) FROM public.databasechangeloglock
2023-01-07 23:04:28.296  INFO 14584 --- [main] p6spy                                    : 2023-01-07 23:04:28|4|statement|connection 0|url jdbc:postgresql://localhost:5433/postgres|SELECT COUNT(*) FROM public.databasechangeloglock|SELECT COUNT(*) FROM public.databasechangeloglock
2023-01-07 23:04:28.301  INFO 14584 --- [main] p6spy                                    : 2023-01-07 23:04:28|4|statement|connection 1|url jdbc:p6spy:postgresql://localhost:5433/postgres|SELECT COUNT(*) FROM public.databasechangeloglock|SELECT COUNT(*) FROM public.databasechangeloglock
2023-01-07 23:04:28.301  INFO 14584 --- [main] p6spy                                    : 2023-01-07 23:04:28|5|statement|connection 0|url jdbc:postgresql://localhost:5433/postgres|SELECT COUNT(*) FROM public.databasechangeloglock|SELECT COUNT(*) FROM public.databasechangeloglock
2023-01-07 23:04:28.303  INFO 14584 --- [main] p6spy                                    : 2023-01-07 23:04:28|0|statement|connection 1|url jdbc:p6spy:postgresql://localhost:5433/postgres|SELECT COUNT(*) FROM public.databasechangeloglock|SELECT COUNT(*) FROM public.databasechangeloglock
2023-01-07 23:04:28.304  INFO 14584 --- [main] p6spy                                    : 2023-01-07 23:04:28|1|statement|connection 0|url jdbc:postgresql://localhost:5433/postgres|SELECT COUNT(*) FROM public.databasechangeloglock|SELECT COUNT(*) FROM public.databasechangeloglock
2023-01-07 23:04:28.305  INFO 14584 --- [main] p6spy                                    : 2023-01-07 23:04:28|0|statement|connection 1|url jdbc:p6spy:postgresql://localhost:5433/postgres|SELECT COUNT(*) FROM public.databasechangeloglock|SELECT COUNT(*) FROM public.databasechangeloglock
2023-01-07 23:04:28.305  INFO 14584 --- [main] p6spy                                    : 2023-01-07 23:04:28|1|statement|connection 0|url jdbc:postgresql://localhost:5433/postgres|SELECT COUNT(*) FROM public.databasechangeloglock|SELECT COUNT(*) FROM public.databasechangeloglock
2023-01-07 23:04:28.307  INFO 14584 --- [main] p6spy                                    : 2023-01-07 23:04:28|0|statement|connection 1|url jdbc:p6spy:postgresql://localhost:5433/postgres|SELECT COUNT(*) FROM public.databasechangeloglock|SELECT COUNT(*) FROM public.databasechangeloglock
2023-01-07 23:04:28.307  INFO 14584 --- [main] p6spy                                    : 2023-01-07 23:04:28|1|statement|connection 0|url jdbc:postgresql://localhost:5433/postgres|SELECT COUNT(*) FROM public.databasechangeloglock|SELECT COUNT(*) FROM public.databasechangeloglock
2023-01-07 23:04:28.309  INFO 14584 --- [main] p6spy                                    : 2023-01-07 23:04:28|0|statement|connection 1|url jdbc:p6spy:postgresql://localhost:5433/postgres|SELECT COUNT(*) FROM public.databasechangeloglock|SELECT COUNT(*) FROM public.databasechangeloglock
2023-01-07 23:04:28.309  INFO 14584 --- [main] p6spy                                    : 2023-01-07 23:04:28|1|statement|connection 0|url jdbc:postgresql://localhost:5433/postgres|SELECT COUNT(*) FROM public.databasechangeloglock|SELECT COUNT(*) FROM public.databasechangeloglock
2023-01-07 23:04:28.310  INFO 14584 --- [main] p6spy                                    : 2023-01-07 23:04:28|0|statement|connection 1|url jdbc:p6spy:postgresql://localhost:5433/postgres|SELECT COUNT(*) FROM public.databasechangeloglock|SELECT COUNT(*) FROM public.databasechangeloglock
2023-01-07 23:04:28.310  INFO 14584 --- [main] p6spy                                    : 2023-01-07 23:04:28|1|statement|connection 0|url jdbc:postgresql://localhost:5433/postgres|SELECT COUNT(*) FROM public.databasechangeloglock|SELECT COUNT(*) FROM public.databasechangeloglock
2023-01-07 23:04:28.312  INFO 14584 --- [main] p6spy                                    : 2023-01-07 23:04:28|0|statement|connection 1|url jdbc:p6spy:postgresql://localhost:5433/postgres|SELECT COUNT(*) FROM public.databasechangeloglock|SELECT COUNT(*) FROM public.databasechangeloglock
2023-01-07 23:04:28.312  INFO 14584 --- [main] p6spy                                    : 2023-01-07 23:04:28|1|statement|connection 0|url jdbc:postgresql://localhost:5433/postgres|SELECT COUNT(*) FROM public.databasechangeloglock|SELECT COUNT(*) FROM public.databasechangeloglock
2023-01-07 23:04:28.314  INFO 14584 --- [main] p6spy                                    : 2023-01-07 23:04:28|0|statement|connection 1|url jdbc:p6spy:postgresql://localhost:5433/postgres|SELECT COUNT(*) FROM public.databasechangeloglock|SELECT COUNT(*) FROM public.databasechangeloglock
2023-01-07 23:04:28.314  INFO 14584 --- [main] p6spy                                    : 2023-01-07 23:04:28|1|statement|connection 0|url jdbc:postgresql://localhost:5433/postgres|SELECT COUNT(*) FROM public.databasechangeloglock|SELECT COUNT(*) FROM public.databasechangeloglock
2023-01-07 23:04:28.315  INFO 14584 --- [main] p6spy                                    : 2023-01-07 23:04:28|0|statement|connection 1|url jdbc:p6spy:postgresql://localhost:5433/postgres|SELECT COUNT(*) FROM public.databasechangeloglock|SELECT COUNT(*) FROM public.databasechangeloglock
2023-01-07 23:04:28.315  INFO 14584 --- [main] p6spy                                    : 2023-01-07 23:04:28|0|statement|connection 0|url jdbc:postgresql://localhost:5433/postgres|SELECT COUNT(*) FROM public.databasechangeloglock|SELECT COUNT(*) FROM public.databasechangeloglock
2023-01-07 23:04:28.317  INFO 14584 --- [main] p6spy                                    : 2023-01-07 23:04:28|0|statement|connection 1|url jdbc:p6spy:postgresql://localhost:5433/postgres|SELECT COUNT(*) FROM public.databasechangeloglock|SELECT COUNT(*) FROM public.databasechangeloglock
2023-01-07 23:04:28.317  INFO 14584 --- [main] p6spy                                    : 2023-01-07 23:04:28|1|statement|connection 0|url jdbc:postgresql://localhost:5433/postgres|SELECT COUNT(*) FROM public.databasechangeloglock|SELECT COUNT(*) FROM public.databasechangeloglock
2023-01-07 23:04:28.319  INFO 14584 --- [main] p6spy                                    : 2023-01-07 23:04:28|1|statement|connection 1|url jdbc:p6spy:postgresql://localhost:5433/postgres|SELECT COUNT(*) FROM public.databasechangeloglock|SELECT COUNT(*) FROM public.databasechangeloglock
2023-01-07 23:04:28.319  INFO 14584 --- [main] p6spy                                    : 2023-01-07 23:04:28|1|statement|connection 0|url jdbc:postgresql://localhost:5433/postgres|SELECT COUNT(*) FROM public.databasechangeloglock|SELECT COUNT(*) FROM public.databasechangeloglock
2023-01-07 23:04:28.320  INFO 14584 --- [main] p6spy                                    : 2023-01-07 23:04:28|0|statement|connection 1|url jdbc:p6spy:postgresql://localhost:5433/postgres|SELECT COUNT(*) FROM public.databasechangeloglock|SELECT COUNT(*) FROM public.databasechangeloglock
2023-01-07 23:04:28.321  INFO 14584 --- [main] p6spy                                    : 2023-01-07 23:04:28|1|statement|connection 0|url jdbc:postgresql://localhost:5433/postgres|SELECT COUNT(*) FROM public.databasechangeloglock|SELECT COUNT(*) FROM public.databasechangeloglock
2023-01-07 23:04:28.322  INFO 14584 --- [main] p6spy                                    : 2023-01-07 23:04:28|0|statement|connection 1|url jdbc:p6spy:postgresql://localhost:5433/postgres|SELECT COUNT(*) FROM public.databasechangeloglock|SELECT COUNT(*) FROM public.databasechangeloglock
2023-01-07 23:04:28.322  INFO 14584 --- [main] p6spy                                    : 2023-01-07 23:04:28|1|statement|connection 0|url jdbc:postgresql://localhost:5433/postgres|SELECT COUNT(*) FROM public.databasechangeloglock|SELECT COUNT(*) FROM public.databasechangeloglock
2023-01-07 23:04:28.323  INFO 14584 --- [main] p6spy                                    : 2023-01-07 23:04:28|0|statement|connection 1|url jdbc:p6spy:postgresql://localhost:5433/postgres|SELECT COUNT(*) FROM public.databasechangeloglock|SELECT COUNT(*) FROM public.databasechangeloglock
2023-01-07 23:04:28.324  INFO 14584 --- [main] p6spy                                    : 2023-01-07 23:04:28|0|statement|connection 0|url jdbc:postgresql://localhost:5433/postgres|SELECT COUNT(*) FROM public.databasechangeloglock|SELECT COUNT(*) FROM public.databasechangeloglock
2023-01-07 23:04:28.325  INFO 14584 --- [main] p6spy                                    : 2023-01-07 23:04:28|0|statement|connection 1|url jdbc:p6spy:postgresql://localhost:5433/postgres|SELECT COUNT(*) FROM public.databasechangeloglock|SELECT COUNT(*) FROM public.databasechangeloglock
2023-01-07 23:04:28.325  INFO 14584 --- [main] p6spy                                    : 2023-01-07 23:04:28|1|statement|connection 0|url jdbc:postgresql://localhost:5433/postgres|SELECT COUNT(*) FROM public.databasechangeloglock|SELECT COUNT(*) FROM public.databasechangeloglock
2023-01-07 23:04:28.327  INFO 14584 --- [main] p6spy                                    : 2023-01-07 23:04:28|0|statement|connection 1|url jdbc:p6spy:postgresql://localhost:5433/postgres|SELECT COUNT(*) FROM public.databasechangeloglock|SELECT COUNT(*) FROM public.databasechangeloglock
2023-01-07 23:04:28.327  INFO 14584 --- [main] p6spy                                    : 2023-01-07 23:04:28|1|statement|connection 0|url jdbc:postgresql://localhost:5433/postgres|SELECT COUNT(*) FROM public.databasechangeloglock|SELECT COUNT(*) FROM public.databasechangeloglock
2023-01-07 23:04:28.333  INFO 14584 --- [main] p6spy                                    : 2023-01-07 23:04:28|4|statement|connection 1|url jdbc:p6spy:postgresql://localhost:5433/postgres|SELECT LOCKED FROM public.databasechangeloglock WHERE ID=1|SELECT LOCKED FROM public.databasechangeloglock WHERE ID=1
2023-01-07 23:04:28.334  INFO 14584 --- [main] p6spy                                    : 2023-01-07 23:04:28|4|statement|connection 0|url jdbc:postgresql://localhost:5433/postgres|SELECT LOCKED FROM public.databasechangeloglock WHERE ID=1|SELECT LOCKED FROM public.databasechangeloglock WHERE ID=1
2023-01-07 23:04:28.350  INFO 14584 --- [main] p6spy                                    : 2023-01-07 23:04:28|3|statement|connection 1|url jdbc:p6spy:postgresql://localhost:5433/postgres|UPDATE public.databasechangeloglock SET LOCKED = TRUE, LOCKEDBY = 'Loncelot (192.168.0.103)', LOCKGRANTED = NOW() WHERE ID = 1 AND LOCKED = FALSE|UPDATE public.databasechangeloglock SET LOCKED = TRUE, LOCKEDBY = 'Loncelot (192.168.0.103)', LOCKGRANTED = NOW() WHERE ID = 1 AND LOCKED = FALSE
2023-01-07 23:04:28.350  INFO 14584 --- [main] p6spy                                    : 2023-01-07 23:04:28|3|statement|connection 0|url jdbc:postgresql://localhost:5433/postgres|UPDATE public.databasechangeloglock SET LOCKED = TRUE, LOCKEDBY = 'Loncelot (192.168.0.103)', LOCKGRANTED = NOW() WHERE ID = 1 AND LOCKED = FALSE|UPDATE public.databasechangeloglock SET LOCKED = TRUE, LOCKEDBY = 'Loncelot (192.168.0.103)', LOCKGRANTED = NOW() WHERE ID = 1 AND LOCKED = FALSE
2023-01-07 23:04:28.360  INFO 14584 --- [main] p6spy                                    : 2023-01-07 23:04:28|8|commit|connection 1|url jdbc:p6spy:postgresql://localhost:5433/postgres||
2023-01-07 23:04:28.360  INFO 14584 --- [main] p6spy                                    : 2023-01-07 23:04:28|9|commit|connection 0|url jdbc:postgresql://localhost:5433/postgres||
2023-01-07 23:04:28.360  INFO 14584 --- [main] l.lockservice                            : Successfully acquired change log lock
2023-01-07 23:04:28.360  INFO 14584 --- [main] p6spy                                    : 2023-01-07 23:04:28|0|rollback|connection 1|url jdbc:p6spy:postgresql://localhost:5433/postgres||
2023-01-07 23:04:28.361  INFO 14584 --- [main] p6spy                                    : 2023-01-07 23:04:28|0|rollback|connection 0|url jdbc:postgresql://localhost:5433/postgres||
2023-01-07 23:04:28.465  INFO 14584 --- [main] p6spy                                    : 2023-01-07 23:04:28|2|statement|connection 1|url jdbc:p6spy:postgresql://localhost:5433/postgres|SELECT MD5SUM FROM public.databasechangelog WHERE MD5SUM IS NOT NULL LIMIT 1|SELECT MD5SUM FROM public.databasechangelog WHERE MD5SUM IS NOT NULL LIMIT 1
2023-01-07 23:04:28.465  INFO 14584 --- [main] p6spy                                    : 2023-01-07 23:04:28|3|statement|connection 0|url jdbc:postgresql://localhost:5433/postgres|SELECT MD5SUM FROM public.databasechangelog WHERE MD5SUM IS NOT NULL LIMIT 1|SELECT MD5SUM FROM public.databasechangelog WHERE MD5SUM IS NOT NULL LIMIT 1
2023-01-07 23:04:28.467  INFO 14584 --- [main] p6spy                                    : 2023-01-07 23:04:28|1|statement|connection 1|url jdbc:p6spy:postgresql://localhost:5433/postgres|SELECT COUNT(*) FROM public.databasechangelog|SELECT COUNT(*) FROM public.databasechangelog
2023-01-07 23:04:28.467  INFO 14584 --- [main] p6spy                                    : 2023-01-07 23:04:28|1|statement|connection 0|url jdbc:postgresql://localhost:5433/postgres|SELECT COUNT(*) FROM public.databasechangelog|SELECT COUNT(*) FROM public.databasechangelog
2023-01-07 23:04:28.468  INFO 14584 --- [main] l.changelog                              : Reading from public.databasechangelog
2023-01-07 23:04:28.470  INFO 14584 --- [main] p6spy                                    : 2023-01-07 23:04:28|2|statement|connection 1|url jdbc:p6spy:postgresql://localhost:5433/postgres|SELECT * FROM public.databasechangelog ORDER BY DATEEXECUTED ASC, ORDEREXECUTED ASC|SELECT * FROM public.databasechangelog ORDER BY DATEEXECUTED ASC, ORDEREXECUTED ASC
2023-01-07 23:04:28.471  INFO 14584 --- [main] p6spy                                    : 2023-01-07 23:04:28|2|statement|connection 0|url jdbc:postgresql://localhost:5433/postgres|SELECT * FROM public.databasechangelog ORDER BY DATEEXECUTED ASC, ORDEREXECUTED ASC|SELECT * FROM public.databasechangelog ORDER BY DATEEXECUTED ASC, ORDEREXECUTED ASC
2023-01-07 23:04:28.474  INFO 14584 --- [main] p6spy                                    : 2023-01-07 23:04:28|1|commit|connection 1|url jdbc:p6spy:postgresql://localhost:5433/postgres||
2023-01-07 23:04:28.474  INFO 14584 --- [main] p6spy                                    : 2023-01-07 23:04:28|1|commit|connection 0|url jdbc:postgresql://localhost:5433/postgres||
2023-01-07 23:04:28.476  INFO 14584 --- [main] p6spy                                    : 2023-01-07 23:04:28|1|statement|connection 1|url jdbc:p6spy:postgresql://localhost:5433/postgres|SELECT COUNT(*) FROM public.databasechangeloglock|SELECT COUNT(*) FROM public.databasechangeloglock
2023-01-07 23:04:28.476  INFO 14584 --- [main] p6spy                                    : 2023-01-07 23:04:28|1|statement|connection 0|url jdbc:postgresql://localhost:5433/postgres|SELECT COUNT(*) FROM public.databasechangeloglock|SELECT COUNT(*) FROM public.databasechangeloglock
2023-01-07 23:04:28.482  INFO 14584 --- [main] p6spy                                    : 2023-01-07 23:04:28|4|statement|connection 1|url jdbc:p6spy:postgresql://localhost:5433/postgres|SELECT COUNT(*) FROM public.databasechangeloglock|SELECT COUNT(*) FROM public.databasechangeloglock
2023-01-07 23:04:28.482  INFO 14584 --- [main] p6spy                                    : 2023-01-07 23:04:28|4|statement|connection 0|url jdbc:postgresql://localhost:5433/postgres|SELECT COUNT(*) FROM public.databasechangeloglock|SELECT COUNT(*) FROM public.databasechangeloglock
2023-01-07 23:04:28.484  INFO 14584 --- [main] p6spy                                    : 2023-01-07 23:04:28|1|statement|connection 1|url jdbc:p6spy:postgresql://localhost:5433/postgres|SELECT COUNT(*) FROM public.databasechangeloglock|SELECT COUNT(*) FROM public.databasechangeloglock
2023-01-07 23:04:28.484  INFO 14584 --- [main] p6spy                                    : 2023-01-07 23:04:28|1|statement|connection 0|url jdbc:postgresql://localhost:5433/postgres|SELECT COUNT(*) FROM public.databasechangeloglock|SELECT COUNT(*) FROM public.databasechangeloglock
2023-01-07 23:04:28.486  INFO 14584 --- [main] p6spy                                    : 2023-01-07 23:04:28|0|statement|connection 1|url jdbc:p6spy:postgresql://localhost:5433/postgres|SELECT COUNT(*) FROM public.databasechangeloglock|SELECT COUNT(*) FROM public.databasechangeloglock
2023-01-07 23:04:28.486  INFO 14584 --- [main] p6spy                                    : 2023-01-07 23:04:28|0|statement|connection 0|url jdbc:postgresql://localhost:5433/postgres|SELECT COUNT(*) FROM public.databasechangeloglock|SELECT COUNT(*) FROM public.databasechangeloglock
2023-01-07 23:04:28.489  INFO 14584 --- [main] p6spy                                    : 2023-01-07 23:04:28|2|statement|connection 1|url jdbc:p6spy:postgresql://localhost:5433/postgres|SELECT COUNT(*) FROM public.databasechangeloglock|SELECT COUNT(*) FROM public.databasechangeloglock
2023-01-07 23:04:28.489  INFO 14584 --- [main] p6spy                                    : 2023-01-07 23:04:28|3|statement|connection 0|url jdbc:postgresql://localhost:5433/postgres|SELECT COUNT(*) FROM public.databasechangeloglock|SELECT COUNT(*) FROM public.databasechangeloglock
2023-01-07 23:04:28.501  INFO 14584 --- [main] p6spy                                    : 2023-01-07 23:04:28|10|statement|connection 1|url jdbc:p6spy:postgresql://localhost:5433/postgres|SELECT COUNT(*) FROM public.databasechangeloglock|SELECT COUNT(*) FROM public.databasechangeloglock
2023-01-07 23:04:28.501  INFO 14584 --- [main] p6spy                                    : 2023-01-07 23:04:28|11|statement|connection 0|url jdbc:postgresql://localhost:5433/postgres|SELECT COUNT(*) FROM public.databasechangeloglock|SELECT COUNT(*) FROM public.databasechangeloglock
2023-01-07 23:04:28.511  INFO 14584 --- [main] p6spy                                    : 2023-01-07 23:04:28|9|statement|connection 1|url jdbc:p6spy:postgresql://localhost:5433/postgres|SELECT COUNT(*) FROM public.databasechangeloglock|SELECT COUNT(*) FROM public.databasechangeloglock
2023-01-07 23:04:28.511  INFO 14584 --- [main] p6spy                                    : 2023-01-07 23:04:28|9|statement|connection 0|url jdbc:postgresql://localhost:5433/postgres|SELECT COUNT(*) FROM public.databasechangeloglock|SELECT COUNT(*) FROM public.databasechangeloglock
2023-01-07 23:04:28.520  INFO 14584 --- [main] p6spy                                    : 2023-01-07 23:04:28|8|statement|connection 1|url jdbc:p6spy:postgresql://localhost:5433/postgres|SELECT COUNT(*) FROM public.databasechangeloglock|SELECT COUNT(*) FROM public.databasechangeloglock
2023-01-07 23:04:28.520  INFO 14584 --- [main] p6spy                                    : 2023-01-07 23:04:28|8|statement|connection 0|url jdbc:postgresql://localhost:5433/postgres|SELECT COUNT(*) FROM public.databasechangeloglock|SELECT COUNT(*) FROM public.databasechangeloglock
2023-01-07 23:04:28.530  INFO 14584 --- [main] p6spy                                    : 2023-01-07 23:04:28|9|statement|connection 1|url jdbc:p6spy:postgresql://localhost:5433/postgres|SELECT COUNT(*) FROM public.databasechangeloglock|SELECT COUNT(*) FROM public.databasechangeloglock
2023-01-07 23:04:28.530  INFO 14584 --- [main] p6spy                                    : 2023-01-07 23:04:28|9|statement|connection 0|url jdbc:postgresql://localhost:5433/postgres|SELECT COUNT(*) FROM public.databasechangeloglock|SELECT COUNT(*) FROM public.databasechangeloglock
2023-01-07 23:04:28.532  INFO 14584 --- [main] p6spy                                    : 2023-01-07 23:04:28|1|statement|connection 1|url jdbc:p6spy:postgresql://localhost:5433/postgres|SELECT COUNT(*) FROM public.databasechangeloglock|SELECT COUNT(*) FROM public.databasechangeloglock
2023-01-07 23:04:28.532  INFO 14584 --- [main] p6spy                                    : 2023-01-07 23:04:28|1|statement|connection 0|url jdbc:postgresql://localhost:5433/postgres|SELECT COUNT(*) FROM public.databasechangeloglock|SELECT COUNT(*) FROM public.databasechangeloglock
2023-01-07 23:04:28.533  INFO 14584 --- [main] p6spy                                    : 2023-01-07 23:04:28|1|statement|connection 1|url jdbc:p6spy:postgresql://localhost:5433/postgres|SELECT COUNT(*) FROM public.databasechangeloglock|SELECT COUNT(*) FROM public.databasechangeloglock
2023-01-07 23:04:28.534  INFO 14584 --- [main] p6spy                                    : 2023-01-07 23:04:28|1|statement|connection 0|url jdbc:postgresql://localhost:5433/postgres|SELECT COUNT(*) FROM public.databasechangeloglock|SELECT COUNT(*) FROM public.databasechangeloglock
2023-01-07 23:04:28.535  INFO 14584 --- [main] p6spy                                    : 2023-01-07 23:04:28|0|statement|connection 1|url jdbc:p6spy:postgresql://localhost:5433/postgres|SELECT COUNT(*) FROM public.databasechangeloglock|SELECT COUNT(*) FROM public.databasechangeloglock
2023-01-07 23:04:28.535  INFO 14584 --- [main] p6spy                                    : 2023-01-07 23:04:28|1|statement|connection 0|url jdbc:postgresql://localhost:5433/postgres|SELECT COUNT(*) FROM public.databasechangeloglock|SELECT COUNT(*) FROM public.databasechangeloglock
2023-01-07 23:04:28.537  INFO 14584 --- [main] p6spy                                    : 2023-01-07 23:04:28|0|statement|connection 1|url jdbc:p6spy:postgresql://localhost:5433/postgres|SELECT COUNT(*) FROM public.databasechangeloglock|SELECT COUNT(*) FROM public.databasechangeloglock
2023-01-07 23:04:28.537  INFO 14584 --- [main] p6spy                                    : 2023-01-07 23:04:28|1|statement|connection 0|url jdbc:postgresql://localhost:5433/postgres|SELECT COUNT(*) FROM public.databasechangeloglock|SELECT COUNT(*) FROM public.databasechangeloglock
2023-01-07 23:04:28.538  INFO 14584 --- [main] p6spy                                    : 2023-01-07 23:04:28|0|statement|connection 1|url jdbc:p6spy:postgresql://localhost:5433/postgres|SELECT COUNT(*) FROM public.databasechangeloglock|SELECT COUNT(*) FROM public.databasechangeloglock
2023-01-07 23:04:28.538  INFO 14584 --- [main] p6spy                                    : 2023-01-07 23:04:28|1|statement|connection 0|url jdbc:postgresql://localhost:5433/postgres|SELECT COUNT(*) FROM public.databasechangeloglock|SELECT COUNT(*) FROM public.databasechangeloglock
2023-01-07 23:04:28.540  INFO 14584 --- [main] p6spy                                    : 2023-01-07 23:04:28|1|statement|connection 1|url jdbc:p6spy:postgresql://localhost:5433/postgres|SELECT COUNT(*) FROM public.databasechangeloglock|SELECT COUNT(*) FROM public.databasechangeloglock
2023-01-07 23:04:28.540  INFO 14584 --- [main] p6spy                                    : 2023-01-07 23:04:28|1|statement|connection 0|url jdbc:postgresql://localhost:5433/postgres|SELECT COUNT(*) FROM public.databasechangeloglock|SELECT COUNT(*) FROM public.databasechangeloglock
2023-01-07 23:04:28.542  INFO 14584 --- [main] p6spy                                    : 2023-01-07 23:04:28|0|statement|connection 1|url jdbc:p6spy:postgresql://localhost:5433/postgres|SELECT COUNT(*) FROM public.databasechangeloglock|SELECT COUNT(*) FROM public.databasechangeloglock
2023-01-07 23:04:28.542  INFO 14584 --- [main] p6spy                                    : 2023-01-07 23:04:28|1|statement|connection 0|url jdbc:postgresql://localhost:5433/postgres|SELECT COUNT(*) FROM public.databasechangeloglock|SELECT COUNT(*) FROM public.databasechangeloglock
2023-01-07 23:04:28.544  INFO 14584 --- [main] p6spy                                    : 2023-01-07 23:04:28|1|statement|connection 1|url jdbc:p6spy:postgresql://localhost:5433/postgres|SELECT COUNT(*) FROM public.databasechangeloglock|SELECT COUNT(*) FROM public.databasechangeloglock
2023-01-07 23:04:28.544  INFO 14584 --- [main] p6spy                                    : 2023-01-07 23:04:28|1|statement|connection 0|url jdbc:postgresql://localhost:5433/postgres|SELECT COUNT(*) FROM public.databasechangeloglock|SELECT COUNT(*) FROM public.databasechangeloglock
2023-01-07 23:04:28.548  INFO 14584 --- [main] p6spy                                    : 2023-01-07 23:04:28|4|statement|connection 1|url jdbc:p6spy:postgresql://localhost:5433/postgres|SELECT COUNT(*) FROM public.databasechangeloglock|SELECT COUNT(*) FROM public.databasechangeloglock
2023-01-07 23:04:28.549  INFO 14584 --- [main] p6spy                                    : 2023-01-07 23:04:28|4|statement|connection 0|url jdbc:postgresql://localhost:5433/postgres|SELECT COUNT(*) FROM public.databasechangeloglock|SELECT COUNT(*) FROM public.databasechangeloglock
2023-01-07 23:04:28.551  INFO 14584 --- [main] p6spy                                    : 2023-01-07 23:04:28|2|statement|connection 1|url jdbc:p6spy:postgresql://localhost:5433/postgres|SELECT COUNT(*) FROM public.databasechangeloglock|SELECT COUNT(*) FROM public.databasechangeloglock
2023-01-07 23:04:28.552  INFO 14584 --- [main] p6spy                                    : 2023-01-07 23:04:28|2|statement|connection 0|url jdbc:postgresql://localhost:5433/postgres|SELECT COUNT(*) FROM public.databasechangeloglock|SELECT COUNT(*) FROM public.databasechangeloglock
2023-01-07 23:04:28.561  INFO 14584 --- [main] p6spy                                    : 2023-01-07 23:04:28|9|statement|connection 1|url jdbc:p6spy:postgresql://localhost:5433/postgres|SELECT COUNT(*) FROM public.databasechangeloglock|SELECT COUNT(*) FROM public.databasechangeloglock
2023-01-07 23:04:28.562  INFO 14584 --- [main] p6spy                                    : 2023-01-07 23:04:28|9|statement|connection 0|url jdbc:postgresql://localhost:5433/postgres|SELECT COUNT(*) FROM public.databasechangeloglock|SELECT COUNT(*) FROM public.databasechangeloglock
2023-01-07 23:04:28.566  INFO 14584 --- [main] p6spy                                    : 2023-01-07 23:04:28|0|rollback|connection 1|url jdbc:p6spy:postgresql://localhost:5433/postgres||
2023-01-07 23:04:28.566  INFO 14584 --- [main] p6spy                                    : 2023-01-07 23:04:28|0|rollback|connection 0|url jdbc:postgresql://localhost:5433/postgres||
2023-01-07 23:04:28.584  INFO 14584 --- [main] p6spy                                    : 2023-01-07 23:04:28|0|rollback|connection 1|url jdbc:p6spy:postgresql://localhost:5433/postgres||
2023-01-07 23:04:28.585  INFO 14584 --- [main] p6spy                                    : 2023-01-07 23:04:28|0|rollback|connection 0|url jdbc:postgresql://localhost:5433/postgres||
2023-01-07 23:04:28.587  INFO 14584 --- [main] p6spy                                    : 2023-01-07 23:04:28|1|statement|connection 1|url jdbc:p6spy:postgresql://localhost:5433/postgres|UPDATE public.databasechangeloglock SET LOCKED = FALSE, LOCKEDBY = NULL, LOCKGRANTED = NULL WHERE ID = 1|UPDATE public.databasechangeloglock SET LOCKED = FALSE, LOCKEDBY = NULL, LOCKGRANTED = NULL WHERE ID = 1
2023-01-07 23:04:28.588  INFO 14584 --- [main] p6spy                                    : 2023-01-07 23:04:28|1|statement|connection 0|url jdbc:postgresql://localhost:5433/postgres|UPDATE public.databasechangeloglock SET LOCKED = FALSE, LOCKEDBY = NULL, LOCKGRANTED = NULL WHERE ID = 1|UPDATE public.databasechangeloglock SET LOCKED = FALSE, LOCKEDBY = NULL, LOCKGRANTED = NULL WHERE ID = 1
2023-01-07 23:04:28.592  INFO 14584 --- [main] p6spy                                    : 2023-01-07 23:04:28|4|commit|connection 1|url jdbc:p6spy:postgresql://localhost:5433/postgres||
2023-01-07 23:04:28.593  INFO 14584 --- [main] p6spy                                    : 2023-01-07 23:04:28|4|commit|connection 0|url jdbc:postgresql://localhost:5433/postgres||
2023-01-07 23:04:28.593  INFO 14584 --- [main] l.lockservice                            : Successfully released change log lock
2023-01-07 23:04:28.593  INFO 14584 --- [main] p6spy                                    : 2023-01-07 23:04:28|0|rollback|connection 1|url jdbc:p6spy:postgresql://localhost:5433/postgres||
2023-01-07 23:04:28.593  INFO 14584 --- [main] p6spy                                    : 2023-01-07 23:04:28|0|rollback|connection 0|url jdbc:postgresql://localhost:5433/postgres||
2023-01-07 23:04:28.658  INFO 14584 --- [main] o.h.j.i.u.LogHelper                      : HHH000204: Processing PersistenceUnitInfo [name: default]
2023-01-07 23:04:28.710  INFO 14584 --- [main] o.h.Version                              : HHH000412: Hibernate ORM core version 5.6.12.Final
2023-01-07 23:04:28.828  INFO 14584 --- [main] o.h.a.c.Version                          : HCANN000001: Hibernate Commons Annotations {5.1.2.Final}
2023-01-07 23:04:28.896  INFO 14584 --- [main] o.h.d.Dialect                            : HHH000400: Using dialect: org.hibernate.dialect.PostgreSQL10Dialect
2023-01-07 23:04:28.918  INFO 14584 --- [main] o.h.e.b.i.EnversServiceImpl              : Envers integration enabled? : true
2023-01-07 23:04:29.667  INFO 14584 --- [main] p6spy                                    : 2023-01-07 23:04:29|5|statement|connection 1|url jdbc:p6spy:postgresql://localhost:5433/postgres|select * from information_schema.sequences|select * from information_schema.sequences
2023-01-07 23:04:29.667  INFO 14584 --- [main] p6spy                                    : 2023-01-07 23:04:29|6|statement|connection 12|url jdbc:postgresql://localhost:5433/postgres|select * from information_schema.sequences|select * from information_schema.sequences
2023-01-07 23:04:29.690  INFO 14584 --- [main] o.h.e.t.j.p.i.JtaPlatformInitiator       : HHH000490: Using JtaPlatform implementation: [org.hibernate.engine.transaction.jta.platform.internal.NoJtaPlatform]
2023-01-07 23:04:29.744  INFO 14584 --- [main] j.LocalContainerEntityManagerFactoryBean : Initialized JPA EntityManagerFactory for persistence unit 'default'
2023-01-07 23:04:30.268  INFO 14584 --- [main] o.s.s.w.DefaultSecurityFilterChain       : Will secure any request with [org.springframework.security.web.session.DisableEncodeUrlFilter@7f0952cf, org.springframework.security.web.context.request.async.WebAsyncManagerIntegrationFilter@70fe15d, org.springframework.security.web.context.SecurityContextPersistenceFilter@1b7123e5, org.springframework.security.web.header.HeaderWriterFilter@720da195, org.springframework.security.web.authentication.logout.LogoutFilter@7b5f886d, org.springframework.security.web.authentication.UsernamePasswordAuthenticationFilter@1a5e19fe, org.springframework.security.web.savedrequest.RequestCacheAwareFilter@14a4ba91, org.springframework.security.web.servletapi.SecurityContextHolderAwareRequestFilter@4678e08e, org.springframework.security.web.authentication.AnonymousAuthenticationFilter@7efcdcde, org.springframework.security.web.session.SessionManagementFilter@3c0a4c8b, org.springframework.security.web.access.ExceptionTranslationFilter@418f3cde, org.springframework.security.web.access.intercept.AuthorizationFilter@2bf5f4]
2023-01-07 23:04:31.442  INFO 14584 --- [main] o.s.b.a.e.w.EndpointLinksResolver        : Exposing 2 endpoint(s) beneath base path '/actuator'
2023-01-07 23:04:31.500  INFO 14584 --- [main] o.s.b.w.e.t.TomcatWebServer              : Tomcat started on port(s): 8080 (http) with context path ''
2023-01-07 23:04:31.512  INFO 14584 --- [main] c.s.ApplicationRunner                    : Started ApplicationRunner in 5.584 seconds (JVM running for 6.208)
2023-01-07 23:04:31.718  INFO 14584 --- [RMI TCP Connection(2)-192.168.0.103] o.s.a.r.c.CachingConnectionFactory       : Attempting to connect to: [localhost:5674]
2023-01-07 23:04:31.720  INFO 14584 --- [RMI TCP Connection(1)-192.168.0.103] o.a.c.c.C.[.[.[/]                        : Initializing Spring DispatcherServlet 'dispatcherServlet'
2023-01-07 23:04:31.720  INFO 14584 --- [RMI TCP Connection(1)-192.168.0.103] o.s.w.s.DispatcherServlet                : Initializing Servlet 'dispatcherServlet'
2023-01-07 23:04:31.723  INFO 14584 --- [RMI TCP Connection(1)-192.168.0.103] o.s.w.s.DispatcherServlet                : Completed initialization in 3 ms
2023-01-07 23:04:31.769  INFO 14584 --- [RMI TCP Connection(2)-192.168.0.103] o.s.a.r.c.CachingConnectionFactory       : Created new connection: rabbitConnectionFactory#30e2c9dc:0/SimpleConnection@6a50855e [delegate=amqp://admin@127.0.0.1:5674/, localPort= 49658]
2023-01-07 23:04:42.105  INFO 14584 --- [http-nio-8080-exec-7] o.s.a.AbstractOpenApiResource            : Init duration for springdoc-openapi is: 200 ms
2023-01-07 23:04:53.975  INFO 14584 --- [http-nio-8080-exec-6] p6spy                                    : 2023-01-07 23:04:53|8|statement|connection 1|url jdbc:p6spy:postgresql://localhost:5433/postgres|/* select generatedAlias0 from User as generatedAlias0 where generatedAlias0.username=:param0 */ select user0_.id as id1_5_, user0_.created_at as created_2_5_, user0_.created_by as created_3_5_, user0_.modified_at as modified4_5_, user0_.modified_by as modified5_5_, user0_.birth_date as birth_da6_5_, user0_.company_id as company13_5_, user0_.firstname as firstnam7_5_, user0_.image as image8_5_, user0_.lastname as lastname9_5_, user0_.password as passwor10_5_, user0_.role as role11_5_, user0_.username as usernam12_5_ from users user0_ where user0_.username=?|/* select generatedAlias0 from User as generatedAlias0 where generatedAlias0.username=:param0 */ select user0_.id as id1_5_, user0_.created_at as created_2_5_, user0_.created_by as created_3_5_, user0_.modified_at as modified4_5_, user0_.modified_by as modified5_5_, user0_.birth_date as birth_da6_5_, user0_.company_id as company13_5_, user0_.firstname as firstnam7_5_, user0_.image as image8_5_, user0_.lastname as lastname9_5_, user0_.password as passwor10_5_, user0_.role as role11_5_, user0_.username as usernam12_5_ from users user0_ where user0_.username='igor@mail.ru'
2023-01-07 23:04:53.975  INFO 14584 --- [http-nio-8080-exec-6] p6spy                                    : 2023-01-07 23:04:53|9|statement|connection 15|url jdbc:postgresql://localhost:5433/postgres|/* select generatedAlias0 from User as generatedAlias0 where generatedAlias0.username=:param0 */ select user0_.id as id1_5_, user0_.created_at as created_2_5_, user0_.created_by as created_3_5_, user0_.modified_at as modified4_5_, user0_.modified_by as modified5_5_, user0_.birth_date as birth_da6_5_, user0_.company_id as company13_5_, user0_.firstname as firstnam7_5_, user0_.image as image8_5_, user0_.lastname as lastname9_5_, user0_.password as passwor10_5_, user0_.role as role11_5_, user0_.username as usernam12_5_ from users user0_ where user0_.username=?|/* select generatedAlias0 from User as generatedAlias0 where generatedAlias0.username=:param0 */ select user0_.id as id1_5_, user0_.created_at as created_2_5_, user0_.created_by as created_3_5_, user0_.modified_at as modified4_5_, user0_.modified_by as modified5_5_, user0_.birth_date as birth_da6_5_, user0_.company_id as company13_5_, user0_.firstname as firstnam7_5_, user0_.image as image8_5_, user0_.lastname as lastname9_5_, user0_.password as passwor10_5_, user0_.role as role11_5_, user0_.username as usernam12_5_ from users user0_ where user0_.username='igor@mail.ru'
2023-01-07 23:04:53.997  INFO 14584 --- [http-nio-8080-exec-6] p6spy                                    : 2023-01-07 23:04:53|1|commit|connection 1|url jdbc:p6spy:postgresql://localhost:5433/postgres||
2023-01-07 23:04:53.997  INFO 14584 --- [http-nio-8080-exec-6] p6spy                                    : 2023-01-07 23:04:53|1|commit|connection 15|url jdbc:postgresql://localhost:5433/postgres||
2023-01-07 23:04:54.115  INFO 14584 --- [http-nio-8080-exec-1] p6spy                                    : 2023-01-07 23:04:54|1|statement|connection 1|url jdbc:p6spy:postgresql://localhost:5433/postgres|/* select user from User user where ?1 = ?2 */ select user0_.id as id1_5_, user0_.created_at as created_2_5_, user0_.created_by as created_3_5_, user0_.modified_at as modified4_5_, user0_.modified_by as modified5_5_, user0_.birth_date as birth_da6_5_, user0_.company_id as company13_5_, user0_.firstname as firstnam7_5_, user0_.image as image8_5_, user0_.lastname as lastname9_5_, user0_.password as passwor10_5_, user0_.role as role11_5_, user0_.username as usernam12_5_ from users user0_ where ?=? limit ?|/* select user from User user where true1 = true2 */ select user0_.id as id1_5_, user0_.created_at as created_2_5_, user0_.created_by as created_3_5_, user0_.modified_at as modified4_5_, user0_.modified_by as modified5_5_, user0_.birth_date as birth_da6_5_, user0_.company_id as company13_5_, user0_.firstname as firstnam7_5_, user0_.image as image8_5_, user0_.lastname as lastname9_5_, user0_.password as passwor10_5_, user0_.role as role11_5_, user0_.username as usernam12_5_ from users user0_ where 20=NULL limit ?
2023-01-07 23:04:54.115  INFO 14584 --- [http-nio-8080-exec-1] p6spy                                    : 2023-01-07 23:04:54|2|statement|connection 16|url jdbc:postgresql://localhost:5433/postgres|/* select user from User user where ?1 = ?2 */ select user0_.id as id1_5_, user0_.created_at as created_2_5_, user0_.created_by as created_3_5_, user0_.modified_at as modified4_5_, user0_.modified_by as modified5_5_, user0_.birth_date as birth_da6_5_, user0_.company_id as company13_5_, user0_.firstname as firstnam7_5_, user0_.image as image8_5_, user0_.lastname as lastname9_5_, user0_.password as passwor10_5_, user0_.role as role11_5_, user0_.username as usernam12_5_ from users user0_ where ?=? limit ?|/* select user from User user where true1 = true2 */ select user0_.id as id1_5_, user0_.created_at as created_2_5_, user0_.created_by as created_3_5_, user0_.modified_at as modified4_5_, user0_.modified_by as modified5_5_, user0_.birth_date as birth_da6_5_, user0_.company_id as company13_5_, user0_.firstname as firstnam7_5_, user0_.image as image8_5_, user0_.lastname as lastname9_5_, user0_.password as passwor10_5_, user0_.role as role11_5_, user0_.username as usernam12_5_ from users user0_ where 20=NULL limit ?
2023-01-07 23:04:54.129  INFO 14584 --- [http-nio-8080-exec-1] p6spy                                    : 2023-01-07 23:04:54|8|statement|connection 1|url jdbc:p6spy:postgresql://localhost:5433/postgres|select company0_.id as id1_1_0_, company0_.name as name2_1_0_ from company company0_ where company0_.id=?|select company0_.id as id1_1_0_, company0_.name as name2_1_0_ from company company0_ where company0_.id=2
2023-01-07 23:04:54.129  INFO 14584 --- [http-nio-8080-exec-1] p6spy                                    : 2023-01-07 23:04:54|8|statement|connection 16|url jdbc:postgresql://localhost:5433/postgres|select company0_.id as id1_1_0_, company0_.name as name2_1_0_ from company company0_ where company0_.id=?|select company0_.id as id1_1_0_, company0_.name as name2_1_0_ from company company0_ where company0_.id=2
2023-01-07 23:04:54.134  INFO 14584 --- [http-nio-8080-exec-1] p6spy                                    : 2023-01-07 23:04:54|0|statement|connection 1|url jdbc:p6spy:postgresql://localhost:5433/postgres|select company0_.id as id1_1_0_, company0_.name as name2_1_0_ from company company0_ where company0_.id=?|select company0_.id as id1_1_0_, company0_.name as name2_1_0_ from company company0_ where company0_.id=3
2023-01-07 23:04:54.134  INFO 14584 --- [http-nio-8080-exec-1] p6spy                                    : 2023-01-07 23:04:54|1|statement|connection 16|url jdbc:postgresql://localhost:5433/postgres|select company0_.id as id1_1_0_, company0_.name as name2_1_0_ from company company0_ where company0_.id=?|select company0_.id as id1_1_0_, company0_.name as name2_1_0_ from company company0_ where company0_.id=3
2023-01-07 23:04:54.135  INFO 14584 --- [http-nio-8080-exec-1] p6spy                                    : 2023-01-07 23:04:54|0|statement|connection 1|url jdbc:p6spy:postgresql://localhost:5433/postgres|select company0_.id as id1_1_0_, company0_.name as name2_1_0_ from company company0_ where company0_.id=?|select company0_.id as id1_1_0_, company0_.name as name2_1_0_ from company company0_ where company0_.id=1
2023-01-07 23:04:54.135  INFO 14584 --- [http-nio-8080-exec-1] p6spy                                    : 2023-01-07 23:04:54|0|statement|connection 16|url jdbc:postgresql://localhost:5433/postgres|select company0_.id as id1_1_0_, company0_.name as name2_1_0_ from company company0_ where company0_.id=?|select company0_.id as id1_1_0_, company0_.name as name2_1_0_ from company company0_ where company0_.id=1
2023-01-07 23:04:54.136  INFO 14584 --- [http-nio-8080-exec-1] p6spy                                    : 2023-01-07 23:04:54|0|commit|connection 1|url jdbc:p6spy:postgresql://localhost:5433/postgres||
2023-01-07 23:04:54.136  INFO 14584 --- [http-nio-8080-exec-1] p6spy                                    : 2023-01-07 23:04:54|0|commit|connection 16|url jdbc:postgresql://localhost:5433/postgres||
